Build started 7/20/2015 3:03:00 PM.
     1>Project "C:\Programmering\Interpreter\Interpreter\Interpreter.vcxproj" on node 2 (Build target(s)).
     1>ClCompile:
         C:\Program Files (x86)\Microsoft Visual Studio 12.0\VC\bin\CL.exe /c /ZI /nologo /W3 /WX- /sdl /Od /Oy- /D _CRT_SECURE_NO_WARNINGS /D _MBCS /Gm /EHsc /RTC1 /MDd /GS /fp:precise /Zc:wchar_t /Zc:forScope /Fo"Debug\\" /Fd"Debug\vc120.pdb" /Gd /TP /analyze- /errorReport:prompt Function.cpp Functions.cpp LET.cpp Manager.cpp
         LET.cpp
     1>c:\programmering\interpreter\interpreter\let.cpp(54): warning C4553: '==' : operator has no effect; did you intend '='?
     1>c:\programmering\interpreter\interpreter\let.cpp(181): warning C4244: 'initializing' : conversion from 'double' to 'float', possible loss of data
     1>c:\programmering\interpreter\interpreter\let.cpp(185): warning C4244: 'initializing' : conversion from 'double' to 'float', possible loss of data
     1>c:\programmering\interpreter\interpreter\let.cpp(225): warning C4244: 'initializing' : conversion from 'double' to 'float', possible loss of data
     1>c:\programmering\interpreter\interpreter\let.cpp(229): warning C4244: 'initializing' : conversion from 'double' to 'float', possible loss of data
         Generating Code...
         Skipping... (no relevant changes detected)
         Manager.cpp
         Functions.cpp
         Function.cpp
       Link:
         C:\Program Files (x86)\Microsoft Visual Studio 12.0\VC\bin\link.exe /ERRORREPORT:PROMPT /OUT:"C:\Programmering\Interpreter\Debug\Interpreter.exe" /INCREMENTAL /NOLOGO kernel32.lib user32.lib gdi32.lib winspool.lib comdlg32.lib advapi32.lib shell32.lib ole32.lib oleaut32.lib uuid.lib odbc32.lib odbccp32.lib /MANIFEST /MANIFESTUAC:"level='asInvoker' uiAccess='false'" /manifest:embed /DEBUG /PDB:"C:\Programmering\Interpreter\Debug\Interpreter.pdb" /SUBSYSTEM:CONSOLE /TLBID:1 /DYNAMICBASE /NXCOMPAT /IMPLIB:"C:\Programmering\Interpreter\Debug\Interpreter.lib" /MACHINE:X86 Debug\Function.obj
         Debug\Functions.obj
         Debug\LET.obj
         Debug\Manager.obj
         Debug\Map.obj
         Debug\Scanner.obj
         Interpreter.vcxproj -> C:\Programmering\Interpreter\Debug\Interpreter.exe
     1>Done Building Project "C:\Programmering\Interpreter\Interpreter\Interpreter.vcxproj" (Build target(s)).

Build succeeded.

Time Elapsed 00:00:00.92
